# JRE version: Java(TM) SE Runtime Environment (13.0.1+9) (build 13.0.1+9)
# Java VM: Java HotSpot(TM) 64-Bit Server VM (13.0.1+9, mixed mode, sharing, tiered, compressed oops, g1 gc, windows-amd64)
Heap:
 garbage-first heap   total 45056K, used 10034K [0x0000000082600000, 0x0000000100000000)
  region size 1024K, 1 young (1024K), 1 survivors (1024K)
 Metaspace       used 9454K, capacity 12084K, committed 12288K, reserved 1060864K
  class space    used 1110K, capacity 1440K, committed 1536K, reserved 1048576K
GC Heap History (20 events):
Event: 0.604 GC heap after
{Heap after GC invocations=7 (full 0):
 garbage-first heap   total 10240K, used 4591K [0x0000000082600000, 0x0000000100000000)
  region size 1024K, 1 young (1024K), 1 survivors (1024K)
 Metaspace       used 8417K, capacity 11266K, committed 11392K, reserved 1058816K
  class space    used 1008K, capacity 1319K, committed 1408K, reserved 1048576K
}
Event: 0.635 GC heap before
{Heap before GC invocations=7 (full 0):
 garbage-first heap   total 10240K, used 5615K [0x0000000082600000, 0x0000000100000000)
  region size 1024K, 2 young (2048K), 1 survivors (1024K)
 Metaspace       used 8520K, capacity 11355K, committed 11648K, reserved 1058816K
  class space    used 1018K, capacity 1328K, committed 1408K, reserved 1048576K
}
Event: 0.637 GC heap after
{Heap after GC invocations=8 (full 0):
 garbage-first heap   total 10240K, used 5064K [0x0000000082600000, 0x0000000100000000)
  region size 1024K, 1 young (1024K), 1 survivors (1024K)
 Metaspace       used 8520K, capacity 11355K, committed 11648K, reserved 1058816K
  class space    used 1018K, capacity 1328K, committed 1408K, reserved 1048576K
}
Event: 0.649 GC heap before
{Heap before GC invocations=8 (full 0):
 garbage-first heap   total 10240K, used 6088K [0x0000000082600000, 0x0000000100000000)
  region size 1024K, 2 young (2048K), 1 survivors (1024K)
 Metaspace       used 8586K, capacity 11372K, committed 11648K, reserved 1058816K
  class space    used 1027K, capacity 1334K, committed 1408K, reserved 1048576K
}
Event: 0.650 GC heap after
{Heap after GC invocations=9 (full 0):
 garbage-first heap   total 15360K, used 5081K [0x0000000082600000, 0x0000000100000000)
  region size 1024K, 1 young (1024K), 1 survivors (1024K)
 Metaspace       used 8586K, capacity 11372K, committed 11648K, reserved 1058816K
  class space    used 1027K, capacity 1334K, committed 1408K, reserved 1048576K
}
Event: 0.681 GC heap before
{Heap before GC invocations=10 (full 0):
 garbage-first heap   total 15360K, used 7129K [0x0000000082600000, 0x0000000100000000)
  region size 1024K, 3 young (3072K), 1 survivors (1024K)
 Metaspace       used 8655K, capacity 11372K, committed 11648K, reserved 1058816K
  class space    used 1027K, capacity 1334K, committed 1408K, reserved 1048576K
}
Event: 0.683 GC heap after
{Heap after GC invocations=11 (full 0):
 garbage-first heap   total 15360K, used 5285K [0x0000000082600000, 0x0000000100000000)
  region size 1024K, 1 young (1024K), 1 survivors (1024K)
 Metaspace       used 8655K, capacity 11372K, committed 11648K, reserved 1058816K
  class space    used 1027K, capacity 1334K, committed 1408K, reserved 1048576K
}
Event: 0.716 GC heap before
{Heap before GC invocations=11 (full 0):
 garbage-first heap   total 15360K, used 8357K [0x0000000082600000, 0x0000000100000000)
  region size 1024K, 4 young (4096K), 1 survivors (1024K)
 Metaspace       used 8744K, capacity 11456K, committed 11648K, reserved 1058816K
  class space    used 1034K, capacity 1339K, committed 1408K, reserved 1048576K
}
Event: 0.718 GC heap after
{Heap after GC invocations=12 (full 0):
 garbage-first heap   total 15360K, used 5711K [0x0000000082600000, 0x0000000100000000)
  region size 1024K, 1 young (1024K), 1 survivors (1024K)
 Metaspace       used 8744K, capacity 11456K, committed 11648K, reserved 1058816K
  class space    used 1034K, capacity 1339K, committed 1408K, reserved 1048576K
}
Event: 0.749 GC heap before
{Heap before GC invocations=12 (full 0):
 garbage-first heap   total 15360K, used 8783K [0x0000000082600000, 0x0000000100000000)
  region size 1024K, 4 young (4096K), 1 survivors (1024K)
 Metaspace       used 8872K, capacity 11569K, committed 11648K, reserved 1058816K
  class space    used 1048K, capacity 1377K, committed 1408K, reserved 1048576K
}
Event: 0.752 GC heap after
{Heap after GC invocations=13 (full 0):
 garbage-first heap   total 15360K, used 6334K [0x0000000082600000, 0x0000000100000000)
  region size 1024K, 1 young (1024K), 1 survivors (1024K)
 Metaspace       used 8872K, capacity 11569K, committed 11648K, reserved 1058816K
  class space    used 1048K, capacity 1377K, committed 1408K, reserved 1048576K
}
Event: 0.758 GC heap before
{Heap before GC invocations=13 (full 0):
 garbage-first heap   total 15360K, used 8382K [0x0000000082600000, 0x0000000100000000)
  region size 1024K, 3 young (3072K), 1 survivors (1024K)
 Metaspace       used 8872K, capacity 11569K, committed 11648K, reserved 1058816K
  class space    used 1048K, capacity 1377K, committed 1408K, reserved 1048576K
}
Event: 0.760 GC heap after
{Heap after GC invocations=14 (full 0):
 garbage-first heap   total 22528K, used 6542K [0x0000000082600000, 0x0000000100000000)
  region size 1024K, 1 young (1024K), 1 survivors (1024K)
 Metaspace       used 8872K, capacity 11569K, committed 11648K, reserved 1058816K
  class space    used 1048K, capacity 1377K, committed 1408K, reserved 1048576K
}
Event: 0.796 GC heap before
{Heap before GC invocations=14 (full 0):
 garbage-first heap   total 22528K, used 10638K [0x0000000082600000, 0x0000000100000000)
  region size 1024K, 5 young (5120K), 1 survivors (1024K)
 Metaspace       used 8948K, capacity 11649K, committed 11904K, reserved 1060864K
  class space    used 1053K, capacity 1381K, committed 1408K, reserved 1048576K
}
Event: 0.799 GC heap after
{Heap after GC invocations=15 (full 0):
 garbage-first heap   total 22528K, used 7597K [0x0000000082600000, 0x0000000100000000)
  region size 1024K, 1 young (1024K), 1 survivors (1024K)
 Metaspace       used 8948K, capacity 11649K, committed 11904K, reserved 1060864K
  class space    used 1053K, capacity 1381K, committed 1408K, reserved 1048576K
}
Event: 0.818 GC heap before
{Heap before GC invocations=15 (full 0):
 garbage-first heap   total 22528K, used 12717K [0x0000000082600000, 0x0000000100000000)
  region size 1024K, 6 young (6144K), 1 survivors (1024K)
 Metaspace       used 8965K, capacity 11649K, committed 11904K, reserved 1060864K
  class space    used 1053K, capacity 1381K, committed 1408K, reserved 1048576K
}
Event: 0.823 GC heap after
{Heap after GC invocations=16 (full 0):
 garbage-first heap   total 22528K, used 8662K [0x0000000082600000, 0x0000000100000000)
  region size 1024K, 1 young (1024K), 1 survivors (1024K)
 Metaspace       used 8965K, capacity 11649K, committed 11904K, reserved 1060864K
  class space    used 1053K, capacity 1381K, committed 1408K, reserved 1048576K
}
Event: 0.843 GC heap before
{Heap before GC invocations=16 (full 0):
 garbage-first heap   total 22528K, used 12758K [0x0000000082600000, 0x0000000100000000)
  region size 1024K, 5 young (5120K), 1 survivors (1024K)
 Metaspace       used 9017K, capacity 11675K, committed 11904K, reserved 1060864K
  class space    used 1060K, capacity 1390K, committed 1408K, reserved 1048576K
}
Event: 0.846 GC heap after
{Heap after GC invocations=17 (full 0):
 garbage-first heap   total 22528K, used 9322K [0x0000000082600000, 0x0000000100000000)
  region size 1024K, 1 young (1024K), 1 survivors (1024K)
 Metaspace       used 9017K, capacity 11675K, committed 11904K, reserved 1060864K
  class space    used 1060K, capacity 1390K, committed 1408K, reserved 1048576K
}
Event: 0.907 GC heap before
{Heap before GC invocations=17 (full 0):
 garbage-first heap   total 22528K, used 13418K [0x0000000082600000, 0x0000000100000000)
  region size 1024K, 5 young (5120K), 1 survivors (1024K)
 Metaspace       used 9454K, capacity 12084K, committed 12288K, reserved 1060864K
  class space    used 1110K, capacity 1440K, committed 1536K, reserved 1048576K
}

