# JRE version: Java(TM) SE Runtime Environment (13.0.1+9) (build 13.0.1+9)
# Java VM: Java HotSpot(TM) 64-Bit Server VM (13.0.1+9, mixed mode, sharing, tiered, compressed oops, g1 gc, windows-amd64)
Heap:
 garbage-first heap   total 17408K, used 3954K [0x0000000082600000, 0x0000000100000000)
  region size 1024K, 1 young (1024K), 1 survivors (1024K)
 Metaspace       used 8076K, capacity 11154K, committed 11392K, reserved 1058816K
  class space    used 970K, capacity 1303K, committed 1408K, reserved 1048576K
GC Heap History (12 events):
Event: 0.131 GC heap before
{Heap before GC invocations=0 (full 0):
 garbage-first heap   total 8192K, used 2048K [0x0000000082600000, 0x0000000100000000)
  region size 1024K, 3 young (3072K), 0 survivors (0K)
 Metaspace       used 2303K, capacity 6077K, committed 6400K, reserved 1056768K
  class space    used 285K, capacity 650K, committed 768K, reserved 1048576K
}
Event: 0.133 GC heap after
{Heap after GC invocations=1 (full 0):
 garbage-first heap   total 8192K, used 1250K [0x0000000082600000, 0x0000000100000000)
  region size 1024K, 1 young (1024K), 1 survivors (1024K)
 Metaspace       used 2303K, capacity 6077K, committed 6400K, reserved 1056768K
  class space    used 285K, capacity 650K, committed 768K, reserved 1048576K
}
Event: 0.179 GC heap before
{Heap before GC invocations=1 (full 0):
 garbage-first heap   total 8192K, used 2274K [0x0000000082600000, 0x0000000100000000)
  region size 1024K, 2 young (2048K), 1 survivors (1024K)
 Metaspace       used 4091K, capacity 7824K, committed 7936K, reserved 1056768K
  class space    used 534K, capacity 913K, committed 1024K, reserved 1048576K
}
Event: 0.182 GC heap after
{Heap after GC invocations=2 (full 0):
 garbage-first heap   total 8192K, used 1679K [0x0000000082600000, 0x0000000100000000)
  region size 1024K, 1 young (1024K), 1 survivors (1024K)
 Metaspace       used 4091K, capacity 7824K, committed 7936K, reserved 1056768K
  class space    used 534K, capacity 913K, committed 1024K, reserved 1048576K
}
Event: 0.222 GC heap before
{Heap before GC invocations=2 (full 0):
 garbage-first heap   total 8192K, used 2703K [0x0000000082600000, 0x0000000100000000)
  region size 1024K, 2 young (2048K), 1 survivors (1024K)
 Metaspace       used 5626K, capacity 9312K, committed 9600K, reserved 1058816K
  class space    used 689K, capacity 1071K, committed 1152K, reserved 1048576K
}
Event: 0.223 GC heap after
{Heap after GC invocations=3 (full 0):
 garbage-first heap   total 8192K, used 2022K [0x0000000082600000, 0x0000000100000000)
  region size 1024K, 1 young (1024K), 1 survivors (1024K)
 Metaspace       used 5626K, capacity 9312K, committed 9600K, reserved 1058816K
  class space    used 689K, capacity 1071K, committed 1152K, reserved 1048576K
}
Event: 0.271 GC heap before
{Heap before GC invocations=3 (full 0):
 garbage-first heap   total 8192K, used 3046K [0x0000000082600000, 0x0000000100000000)
  region size 1024K, 2 young (2048K), 1 survivors (1024K)
 Metaspace       used 7333K, capacity 10700K, committed 11008K, reserved 1058816K
  class space    used 890K, capacity 1215K, committed 1280K, reserved 1048576K
}
Event: 0.273 GC heap after
{Heap after GC invocations=4 (full 0):
 garbage-first heap   total 8192K, used 2342K [0x0000000082600000, 0x0000000100000000)
  region size 1024K, 1 young (1024K), 1 survivors (1024K)
 Metaspace       used 7333K, capacity 10700K, committed 11008K, reserved 1058816K
  class space    used 890K, capacity 1215K, committed 1280K, reserved 1048576K
}
Event: 0.293 GC heap before
{Heap before GC invocations=4 (full 0):
 garbage-first heap   total 8192K, used 3366K [0x0000000082600000, 0x0000000100000000)
  region size 1024K, 2 young (2048K), 1 survivors (1024K)
 Metaspace       used 7627K, capacity 10843K, committed 11008K, reserved 1058816K
  class space    used 920K, capacity 1263K, committed 1280K, reserved 1048576K
}
Event: 0.295 GC heap after
{Heap after GC invocations=5 (full 0):
 garbage-first heap   total 11264K, used 2576K [0x0000000082600000, 0x0000000100000000)
  region size 1024K, 1 young (1024K), 1 survivors (1024K)
 Metaspace       used 7627K, capacity 10843K, committed 11008K, reserved 1058816K
  class space    used 920K, capacity 1263K, committed 1280K, reserved 1048576K
}
Event: 0.327 GC heap before
{Heap before GC invocations=5 (full 0):
 garbage-first heap   total 11264K, used 4624K [0x0000000082600000, 0x0000000100000000)
  region size 1024K, 3 young (3072K), 1 survivors (1024K)
 Metaspace       used 7928K, capacity 11071K, committed 11392K, reserved 1058816K
  class space    used 963K, capacity 1298K, committed 1408K, reserved 1048576K
}
Event: 0.330 GC heap after
{Heap after GC invocations=6 (full 0):
 garbage-first heap   total 11264K, used 3373K [0x0000000082600000, 0x0000000100000000)
  region size 1024K, 1 young (1024K), 1 survivors (1024K)
 Metaspace       used 7928K, capacity 11071K, committed 11392K, reserved 1058816K
  class space    used 963K, capacity 1298K, committed 1408K, reserved 1048576K
}

