# JRE version: Java(TM) SE Runtime Environment (13.0.1+9) (build 13.0.1+9)
# Java VM: Java HotSpot(TM) 64-Bit Server VM (13.0.1+9, mixed mode, sharing, tiered, compressed oops, g1 gc, windows-amd64)
Heap:
 garbage-first heap   total 33792K, used 7318K [0x0000000082600000, 0x0000000100000000)
  region size 1024K, 1 young (1024K), 1 survivors (1024K)
 Metaspace       used 8706K, capacity 11661K, committed 11904K, reserved 1060864K
  class space    used 1037K, capacity 1363K, committed 1408K, reserved 1048576K
GC Heap History (20 events):
Event: 0.217 GC heap after
{Heap after GC invocations=3 (full 0):
 garbage-first heap   total 8192K, used 2045K [0x0000000082600000, 0x0000000100000000)
  region size 1024K, 1 young (1024K), 1 survivors (1024K)
 Metaspace       used 5614K, capacity 9312K, committed 9600K, reserved 1058816K
  class space    used 689K, capacity 1071K, committed 1152K, reserved 1048576K
}
Event: 0.266 GC heap before
{Heap before GC invocations=3 (full 0):
 garbage-first heap   total 8192K, used 3069K [0x0000000082600000, 0x0000000100000000)
  region size 1024K, 2 young (2048K), 1 survivors (1024K)
 Metaspace       used 7328K, capacity 10700K, committed 11008K, reserved 1058816K
  class space    used 890K, capacity 1215K, committed 1280K, reserved 1048576K
}
Event: 0.268 GC heap after
{Heap after GC invocations=4 (full 0):
 garbage-first heap   total 8192K, used 2367K [0x0000000082600000, 0x0000000100000000)
  region size 1024K, 1 young (1024K), 1 survivors (1024K)
 Metaspace       used 7328K, capacity 10700K, committed 11008K, reserved 1058816K
  class space    used 890K, capacity 1215K, committed 1280K, reserved 1048576K
}
Event: 0.289 GC heap before
{Heap before GC invocations=4 (full 0):
 garbage-first heap   total 8192K, used 3391K [0x0000000082600000, 0x0000000100000000)
  region size 1024K, 2 young (2048K), 1 survivors (1024K)
 Metaspace       used 7621K, capacity 10843K, committed 11008K, reserved 1058816K
  class space    used 920K, capacity 1263K, committed 1280K, reserved 1048576K
}
Event: 0.290 GC heap after
{Heap after GC invocations=5 (full 0):
 garbage-first heap   total 11264K, used 2625K [0x0000000082600000, 0x0000000100000000)
  region size 1024K, 1 young (1024K), 1 survivors (1024K)
 Metaspace       used 7621K, capacity 10843K, committed 11008K, reserved 1058816K
  class space    used 920K, capacity 1263K, committed 1280K, reserved 1048576K
}
Event: 0.320 GC heap before
{Heap before GC invocations=5 (full 0):
 garbage-first heap   total 11264K, used 4673K [0x0000000082600000, 0x0000000100000000)
  region size 1024K, 3 young (3072K), 1 survivors (1024K)
 Metaspace       used 7926K, capacity 11071K, committed 11392K, reserved 1058816K
  class space    used 963K, capacity 1298K, committed 1408K, reserved 1048576K
}
Event: 0.323 GC heap after
{Heap after GC invocations=6 (full 0):
 garbage-first heap   total 11264K, used 3374K [0x0000000082600000, 0x0000000100000000)
  region size 1024K, 1 young (1024K), 1 survivors (1024K)
 Metaspace       used 7926K, capacity 11071K, committed 11392K, reserved 1058816K
  class space    used 963K, capacity 1298K, committed 1408K, reserved 1048576K
}
Event: 0.331 GC heap before
{Heap before GC invocations=6 (full 0):
 garbage-first heap   total 11264K, used 5422K [0x0000000082600000, 0x0000000100000000)
  region size 1024K, 3 young (3072K), 1 survivors (1024K)
 Metaspace       used 7951K, capacity 11071K, committed 11392K, reserved 1058816K
  class space    used 963K, capacity 1298K, committed 1408K, reserved 1048576K
}
Event: 0.333 GC heap after
{Heap after GC invocations=7 (full 0):
 garbage-first heap   total 11264K, used 3718K [0x0000000082600000, 0x0000000100000000)
  region size 1024K, 1 young (1024K), 1 survivors (1024K)
 Metaspace       used 7951K, capacity 11071K, committed 11392K, reserved 1058816K
  class space    used 963K, capacity 1298K, committed 1408K, reserved 1048576K
}
Event: 0.349 GC heap before
{Heap before GC invocations=7 (full 0):
 garbage-first heap   total 11264K, used 4742K [0x0000000082600000, 0x0000000100000000)
  region size 1024K, 2 young (2048K), 1 survivors (1024K)
 Metaspace       used 8052K, capacity 11151K, committed 11392K, reserved 1058816K
  class space    used 970K, capacity 1303K, committed 1408K, reserved 1048576K
}
Event: 0.350 GC heap after
{Heap after GC invocations=8 (full 0):
 garbage-first heap   total 11264K, used 3771K [0x0000000082600000, 0x0000000100000000)
  region size 1024K, 1 young (1024K), 1 survivors (1024K)
 Metaspace       used 8052K, capacity 11151K, committed 11392K, reserved 1058816K
  class space    used 970K, capacity 1303K, committed 1408K, reserved 1048576K
}
Event: 0.354 GC heap before
{Heap before GC invocations=8 (full 0):
 garbage-first heap   total 11264K, used 4795K [0x0000000082600000, 0x0000000100000000)
  region size 1024K, 2 young (2048K), 1 survivors (1024K)
 Metaspace       used 8074K, capacity 11154K, committed 11392K, reserved 1058816K
  class space    used 970K, capacity 1303K, committed 1408K, reserved 1048576K
}
Event: 0.356 GC heap after
{Heap after GC invocations=9 (full 0):
 garbage-first heap   total 17408K, used 3959K [0x0000000082600000, 0x0000000100000000)
  region size 1024K, 1 young (1024K), 1 survivors (1024K)
 Metaspace       used 8074K, capacity 11154K, committed 11392K, reserved 1058816K
  class space    used 970K, capacity 1303K, committed 1408K, reserved 1048576K
}
Event: 0.375 GC heap before
{Heap before GC invocations=9 (full 0):
 garbage-first heap   total 17408K, used 8055K [0x0000000082600000, 0x0000000100000000)
  region size 1024K, 5 young (5120K), 1 survivors (1024K)
 Metaspace       used 8204K, capacity 11233K, committed 11392K, reserved 1058816K
  class space    used 981K, capacity 1308K, committed 1408K, reserved 1048576K
}
Event: 0.377 GC heap after
{Heap after GC invocations=10 (full 0):
 garbage-first heap   total 17408K, used 4602K [0x0000000082600000, 0x0000000100000000)
  region size 1024K, 1 young (1024K), 1 survivors (1024K)
 Metaspace       used 8204K, capacity 11233K, committed 11392K, reserved 1058816K
  class space    used 981K, capacity 1308K, committed 1408K, reserved 1048576K
}
Event: 0.389 GC heap before
{Heap before GC invocations=10 (full 0):
 garbage-first heap   total 17408K, used 8698K [0x0000000082600000, 0x0000000100000000)
  region size 1024K, 5 young (5120K), 1 survivors (1024K)
 Metaspace       used 8274K, capacity 11350K, committed 11648K, reserved 1058816K
  class space    used 990K, capacity 1347K, committed 1408K, reserved 1048576K
}
Event: 0.392 GC heap after
{Heap after GC invocations=11 (full 0):
 garbage-first heap   total 17408K, used 5195K [0x0000000082600000, 0x0000000100000000)
  region size 1024K, 1 young (1024K), 1 survivors (1024K)
 Metaspace       used 8274K, capacity 11350K, committed 11648K, reserved 1058816K
  class space    used 990K, capacity 1347K, committed 1408K, reserved 1048576K
}
Event: 0.411 GC heap before
{Heap before GC invocations=11 (full 0):
 garbage-first heap   total 17408K, used 8267K [0x0000000082600000, 0x0000000100000000)
  region size 1024K, 5 young (5120K), 1 survivors (1024K)
 Metaspace       used 8345K, capacity 11423K, committed 11648K, reserved 1058816K
  class space    used 994K, capacity 1349K, committed 1408K, reserved 1048576K
}
Event: 0.414 GC heap after
{Heap after GC invocations=12 (full 0):
 garbage-first heap   total 17408K, used 6405K [0x0000000082600000, 0x0000000100000000)
  region size 1024K, 1 young (1024K), 1 survivors (1024K)
 Metaspace       used 8345K, capacity 11423K, committed 11648K, reserved 1058816K
  class space    used 994K, capacity 1349K, committed 1408K, reserved 1048576K
}
Event: 0.443 GC heap before
{Heap before GC invocations=12 (full 0):
 garbage-first heap   total 17408K, used 9477K [0x0000000082600000, 0x0000000100000000)
  region size 1024K, 4 young (4096K), 1 survivors (1024K)
 Metaspace       used 8706K, capacity 11661K, committed 11904K, reserved 1060864K
  class space    used 1037K, capacity 1363K, committed 1408K, reserved 1048576K
}

