# JRE version: Java(TM) SE Runtime Environment (13.0.1+9) (build 13.0.1+9)
# Java VM: Java HotSpot(TM) 64-Bit Server VM (13.0.1+9, mixed mode, sharing, tiered, compressed oops, g1 gc, windows-amd64)
Heap:
 garbage-first heap   total 15360K, used 5080K [0x0000000082600000, 0x0000000100000000)
  region size 1024K, 1 young (1024K), 1 survivors (1024K)
 Metaspace       used 8563K, capacity 11372K, committed 11648K, reserved 1058816K
  class space    used 1025K, capacity 1334K, committed 1408K, reserved 1048576K
GC Heap History (17 events):
Event: 0.158 GC heap before
{Heap before GC invocations=0 (full 0):
 garbage-first heap   total 8192K, used 3072K [0x0000000082600000, 0x0000000100000000)
  region size 1024K, 3 young (3072K), 0 survivors (0K)
 Metaspace       used 2255K, capacity 5984K, committed 6016K, reserved 1056768K
  class space    used 263K, capacity 638K, committed 640K, reserved 1048576K
}
Event: 0.160 GC heap after
{Heap after GC invocations=1 (full 0):
 garbage-first heap   total 8192K, used 1090K [0x0000000082600000, 0x0000000100000000)
  region size 1024K, 1 young (1024K), 1 survivors (1024K)
 Metaspace       used 2255K, capacity 5984K, committed 6016K, reserved 1056768K
  class space    used 263K, capacity 638K, committed 640K, reserved 1048576K
}
Event: 0.187 GC heap before
{Heap before GC invocations=1 (full 0):
 garbage-first heap   total 8192K, used 2114K [0x0000000082600000, 0x0000000100000000)
  region size 1024K, 2 young (2048K), 1 survivors (1024K)
 Metaspace       used 3155K, capacity 6726K, committed 6912K, reserved 1056768K
  class space    used 368K, capacity 717K, committed 768K, reserved 1048576K
}
Event: 0.189 GC heap after
{Heap after GC invocations=2 (full 0):
 garbage-first heap   total 8192K, used 1620K [0x0000000082600000, 0x0000000100000000)
  region size 1024K, 1 young (1024K), 1 survivors (1024K)
 Metaspace       used 3155K, capacity 6726K, committed 6912K, reserved 1056768K
  class space    used 368K, capacity 717K, committed 768K, reserved 1048576K
}
Event: 0.240 GC heap before
{Heap before GC invocations=2 (full 0):
 garbage-first heap   total 8192K, used 1620K [0x0000000082600000, 0x0000000100000000)
  region size 1024K, 2 young (2048K), 1 survivors (1024K)
 Metaspace       used 5333K, capacity 8836K, committed 8960K, reserved 1056768K
  class space    used 660K, capacity 1016K, committed 1024K, reserved 1048576K
}
Event: 0.241 GC heap after
{Heap after GC invocations=3 (full 0):
 garbage-first heap   total 8192K, used 1787K [0x0000000082600000, 0x0000000100000000)
  region size 1024K, 1 young (1024K), 1 survivors (1024K)
 Metaspace       used 5333K, capacity 8836K, committed 8960K, reserved 1056768K
  class space    used 660K, capacity 1016K, committed 1024K, reserved 1048576K
}
Event: 0.273 GC heap before
{Heap before GC invocations=3 (full 0):
 garbage-first heap   total 8192K, used 2811K [0x0000000082600000, 0x0000000100000000)
  region size 1024K, 2 young (2048K), 1 survivors (1024K)
 Metaspace       used 6482K, capacity 9934K, committed 10240K, reserved 1058816K
  class space    used 810K, capacity 1172K, committed 1280K, reserved 1048576K
}
Event: 0.274 GC heap after
{Heap after GC invocations=4 (full 0):
 garbage-first heap   total 8192K, used 2191K [0x0000000082600000, 0x0000000100000000)
  region size 1024K, 1 young (1024K), 1 survivors (1024K)
 Metaspace       used 6482K, capacity 9934K, committed 10240K, reserved 1058816K
  class space    used 810K, capacity 1172K, committed 1280K, reserved 1048576K
}
Event: 0.311 GC heap before
{Heap before GC invocations=4 (full 0):
 garbage-first heap   total 8192K, used 3215K [0x0000000082600000, 0x0000000100000000)
  region size 1024K, 2 young (2048K), 1 survivors (1024K)
 Metaspace       used 7503K, capacity 10868K, committed 11008K, reserved 1058816K
  class space    used 901K, capacity 1249K, committed 1280K, reserved 1048576K
}
Event: 0.313 GC heap after
{Heap after GC invocations=5 (full 0):
 garbage-first heap   total 10240K, used 2709K [0x0000000082600000, 0x0000000100000000)
  region size 1024K, 1 young (1024K), 1 survivors (1024K)
 Metaspace       used 7503K, capacity 10868K, committed 11008K, reserved 1058816K
  class space    used 901K, capacity 1249K, committed 1280K, reserved 1048576K
}
Event: 0.350 GC heap before
{Heap before GC invocations=5 (full 0):
 garbage-first heap   total 10240K, used 4757K [0x0000000082600000, 0x0000000100000000)
  region size 1024K, 3 young (3072K), 1 survivors (1024K)
 Metaspace       used 7882K, capacity 11027K, committed 11392K, reserved 1058816K
  class space    used 948K, capacity 1282K, committed 1408K, reserved 1048576K
}
Event: 0.352 GC heap after
{Heap after GC invocations=6 (full 0):
 garbage-first heap   total 10240K, used 3503K [0x0000000082600000, 0x0000000100000000)
  region size 1024K, 1 young (1024K), 1 survivors (1024K)
 Metaspace       used 7882K, capacity 11027K, committed 11392K, reserved 1058816K
  class space    used 948K, capacity 1282K, committed 1408K, reserved 1048576K
}
Event: 0.392 GC heap before
{Heap before GC invocations=6 (full 0):
 garbage-first heap   total 10240K, used 5551K [0x0000000082600000, 0x0000000100000000)
  region size 1024K, 3 young (3072K), 1 survivors (1024K)
 Metaspace       used 8411K, capacity 11330K, committed 11648K, reserved 1058816K
  class space    used 1007K, capacity 1319K, committed 1408K, reserved 1048576K
}
Event: 0.395 GC heap after
{Heap after GC invocations=7 (full 0):
 garbage-first heap   total 10240K, used 4556K [0x0000000082600000, 0x0000000100000000)
  region size 1024K, 1 young (1024K), 1 survivors (1024K)
 Metaspace       used 8411K, capacity 11330K, committed 11648K, reserved 1058816K
  class space    used 1007K, capacity 1319K, committed 1408K, reserved 1048576K
}
Event: 0.411 GC heap before
{Heap before GC invocations=7 (full 0):
 garbage-first heap   total 10240K, used 5580K [0x0000000082600000, 0x0000000100000000)
  region size 1024K, 2 young (2048K), 1 survivors (1024K)
 Metaspace       used 8504K, capacity 11358K, committed 11648K, reserved 1058816K
  class space    used 1019K, capacity 1329K, committed 1408K, reserved 1048576K
}
Event: 0.412 GC heap after
{Heap after GC invocations=8 (full 0):
 garbage-first heap   total 10240K, used 4980K [0x0000000082600000, 0x0000000100000000)
  region size 1024K, 1 young (1024K), 1 survivors (1024K)
 Metaspace       used 8504K, capacity 11358K, committed 11648K, reserved 1058816K
  class space    used 1019K, capacity 1329K, committed 1408K, reserved 1048576K
}
Event: 0.420 GC heap before
{Heap before GC invocations=8 (full 0):
 garbage-first heap   total 10240K, used 6004K [0x0000000082600000, 0x0000000100000000)
  region size 1024K, 2 young (2048K), 1 survivors (1024K)
 Metaspace       used 8563K, capacity 11372K, committed 11648K, reserved 1058816K
  class space    used 1025K, capacity 1334K, committed 1408K, reserved 1048576K
}

