# JRE version: Java(TM) SE Runtime Environment (13.0.1+9) (build 13.0.1+9)
# Java VM: Java HotSpot(TM) 64-Bit Server VM (13.0.1+9, mixed mode, sharing, tiered, compressed oops, g1 gc, windows-amd64)
Heap:
 garbage-first heap   total 48128K, used 11613K [0x0000000082600000, 0x0000000100000000)
  region size 1024K, 1 young (1024K), 1 survivors (1024K)
 Metaspace       used 9689K, capacity 12266K, committed 12544K, reserved 1060864K
  class space    used 1140K, capacity 1458K, committed 1536K, reserved 1048576K
GC Heap History (20 events):
Event: 0.385 GC heap after
{Heap after GC invocations=7 (full 0):
 garbage-first heap   total 10240K, used 4643K [0x0000000082600000, 0x0000000100000000)
  region size 1024K, 1 young (1024K), 1 survivors (1024K)
 Metaspace       used 8396K, capacity 11266K, committed 11392K, reserved 1058816K
  class space    used 1007K, capacity 1319K, committed 1408K, reserved 1048576K
}
Event: 0.401 GC heap before
{Heap before GC invocations=7 (full 0):
 garbage-first heap   total 10240K, used 5667K [0x0000000082600000, 0x0000000100000000)
  region size 1024K, 2 young (2048K), 1 survivors (1024K)
 Metaspace       used 8474K, capacity 11338K, committed 11648K, reserved 1058816K
  class space    used 1010K, capacity 1322K, committed 1408K, reserved 1048576K
}
Event: 0.403 GC heap after
{Heap after GC invocations=8 (full 0):
 garbage-first heap   total 10240K, used 5065K [0x0000000082600000, 0x0000000100000000)
  region size 1024K, 1 young (1024K), 1 survivors (1024K)
 Metaspace       used 8474K, capacity 11338K, committed 11648K, reserved 1058816K
  class space    used 1010K, capacity 1322K, committed 1408K, reserved 1048576K
}
Event: 0.413 GC heap before
{Heap before GC invocations=8 (full 0):
 garbage-first heap   total 10240K, used 6089K [0x0000000082600000, 0x0000000100000000)
  region size 1024K, 2 young (2048K), 1 survivors (1024K)
 Metaspace       used 8583K, capacity 11372K, committed 11648K, reserved 1058816K
  class space    used 1026K, capacity 1334K, committed 1408K, reserved 1048576K
}
Event: 0.415 GC heap after
{Heap after GC invocations=9 (full 0):
 garbage-first heap   total 15360K, used 5102K [0x0000000082600000, 0x0000000100000000)
  region size 1024K, 1 young (1024K), 1 survivors (1024K)
 Metaspace       used 8583K, capacity 11372K, committed 11648K, reserved 1058816K
  class space    used 1026K, capacity 1334K, committed 1408K, reserved 1048576K
}
Event: 0.431 GC heap before
{Heap before GC invocations=10 (full 0):
 garbage-first heap   total 15360K, used 7150K [0x0000000082600000, 0x0000000100000000)
  region size 1024K, 3 young (3072K), 1 survivors (1024K)
 Metaspace       used 8636K, capacity 11372K, committed 11648K, reserved 1058816K
  class space    used 1026K, capacity 1334K, committed 1408K, reserved 1048576K
}
Event: 0.432 GC heap after
{Heap after GC invocations=11 (full 0):
 garbage-first heap   total 15360K, used 5297K [0x0000000082600000, 0x0000000100000000)
  region size 1024K, 1 young (1024K), 1 survivors (1024K)
 Metaspace       used 8636K, capacity 11372K, committed 11648K, reserved 1058816K
  class space    used 1026K, capacity 1334K, committed 1408K, reserved 1048576K
}
Event: 0.447 GC heap before
{Heap before GC invocations=11 (full 0):
 garbage-first heap   total 15360K, used 7345K [0x0000000082600000, 0x0000000100000000)
  region size 1024K, 3 young (3072K), 1 survivors (1024K)
 Metaspace       used 8714K, capacity 11391K, committed 11648K, reserved 1058816K
  class space    used 1032K, capacity 1339K, committed 1408K, reserved 1048576K
}
Event: 0.448 GC heap after
{Heap after GC invocations=12 (full 0):
 garbage-first heap   total 15360K, used 5583K [0x0000000082600000, 0x0000000100000000)
  region size 1024K, 1 young (1024K), 1 survivors (1024K)
 Metaspace       used 8714K, capacity 11391K, committed 11648K, reserved 1058816K
  class space    used 1032K, capacity 1339K, committed 1408K, reserved 1048576K
}
Event: 0.463 GC heap before
{Heap before GC invocations=12 (full 0):
 garbage-first heap   total 15360K, used 8655K [0x0000000082600000, 0x0000000100000000)
  region size 1024K, 4 young (4096K), 1 survivors (1024K)
 Metaspace       used 8748K, capacity 11456K, committed 11648K, reserved 1058816K
  class space    used 1032K, capacity 1339K, committed 1408K, reserved 1048576K
}
Event: 0.465 GC heap after
{Heap after GC invocations=13 (full 0):
 garbage-first heap   total 15360K, used 5960K [0x0000000082600000, 0x0000000100000000)
  region size 1024K, 1 young (1024K), 1 survivors (1024K)
 Metaspace       used 8748K, capacity 11456K, committed 11648K, reserved 1058816K
  class space    used 1032K, capacity 1339K, committed 1408K, reserved 1048576K
}
Event: 0.473 GC heap before
{Heap before GC invocations=13 (full 0):
 garbage-first heap   total 15360K, used 9032K [0x0000000082600000, 0x0000000100000000)
  region size 1024K, 4 young (4096K), 1 survivors (1024K)
 Metaspace       used 8752K, capacity 11456K, committed 11648K, reserved 1058816K
  class space    used 1032K, capacity 1339K, committed 1408K, reserved 1048576K
}
Event: 0.475 GC heap after
{Heap after GC invocations=14 (full 0):
 garbage-first heap   total 23552K, used 6432K [0x0000000082600000, 0x0000000100000000)
  region size 1024K, 1 young (1024K), 1 survivors (1024K)
 Metaspace       used 8752K, capacity 11456K, committed 11648K, reserved 1058816K
  class space    used 1032K, capacity 1339K, committed 1408K, reserved 1048576K
}
Event: 0.488 GC heap before
{Heap before GC invocations=14 (full 0):
 garbage-first heap   total 23552K, used 11552K [0x0000000082600000, 0x0000000100000000)
  region size 1024K, 6 young (6144K), 1 survivors (1024K)
 Metaspace       used 8758K, capacity 11456K, committed 11648K, reserved 1058816K
  class space    used 1032K, capacity 1339K, committed 1408K, reserved 1048576K
}
Event: 0.490 GC heap after
{Heap after GC invocations=15 (full 0):
 garbage-first heap   total 23552K, used 7037K [0x0000000082600000, 0x0000000100000000)
  region size 1024K, 1 young (1024K), 1 survivors (1024K)
 Metaspace       used 8758K, capacity 11456K, committed 11648K, reserved 1058816K
  class space    used 1032K, capacity 1339K, committed 1408K, reserved 1048576K
}
Event: 0.523 GC heap before
{Heap before GC invocations=15 (full 0):
 garbage-first heap   total 23552K, used 12157K [0x0000000082600000, 0x0000000100000000)
  region size 1024K, 6 young (6144K), 1 survivors (1024K)
 Metaspace       used 8949K, capacity 11653K, committed 11904K, reserved 1060864K
  class space    used 1052K, capacity 1383K, committed 1408K, reserved 1048576K
}
Event: 0.527 GC heap after
{Heap after GC invocations=16 (full 0):
 garbage-first heap   total 23552K, used 8235K [0x0000000082600000, 0x0000000100000000)
  region size 1024K, 1 young (1024K), 1 survivors (1024K)
 Metaspace       used 8949K, capacity 11653K, committed 11904K, reserved 1060864K
  class space    used 1052K, capacity 1383K, committed 1408K, reserved 1048576K
}
Event: 0.557 GC heap before
{Heap before GC invocations=16 (full 0):
 garbage-first heap   total 23552K, used 12331K [0x0000000082600000, 0x0000000100000000)
  region size 1024K, 6 young (6144K), 1 survivors (1024K)
 Metaspace       used 9074K, capacity 11750K, committed 11904K, reserved 1060864K
  class space    used 1067K, capacity 1394K, committed 1408K, reserved 1048576K
}
Event: 0.560 GC heap after
{Heap after GC invocations=17 (full 0):
 garbage-first heap   total 23552K, used 9596K [0x0000000082600000, 0x0000000100000000)
  region size 1024K, 1 young (1024K), 1 survivors (1024K)
 Metaspace       used 9074K, capacity 11750K, committed 11904K, reserved 1060864K
  class space    used 1067K, capacity 1394K, committed 1408K, reserved 1048576K
}
Event: 0.632 GC heap before
{Heap before GC invocations=17 (full 0):
 garbage-first heap   total 23552K, used 14716K [0x0000000082600000, 0x0000000100000000)
  region size 1024K, 5 young (5120K), 1 survivors (1024K)
 Metaspace       used 9689K, capacity 12266K, committed 12544K, reserved 1060864K
  class space    used 1140K, capacity 1458K, committed 1536K, reserved 1048576K
}

