# JRE version: Java(TM) SE Runtime Environment (13.0.1+9) (build 13.0.1+9)
# Java VM: Java HotSpot(TM) 64-Bit Server VM (13.0.1+9, mixed mode, sharing, tiered, compressed oops, g1 gc, windows-amd64)
Heap:
 garbage-first heap   total 47104K, used 11313K [0x0000000082600000, 0x0000000100000000)
  region size 1024K, 1 young (1024K), 1 survivors (1024K)
 Metaspace       used 9456K, capacity 12066K, committed 12288K, reserved 1060864K
  class space    used 1103K, capacity 1433K, committed 1536K, reserved 1048576K
GC Heap History (20 events):
Event: 0.385 GC heap after
{Heap after GC invocations=7 (full 0):
 garbage-first heap   total 10240K, used 4529K [0x0000000082600000, 0x0000000100000000)
  region size 1024K, 1 young (1024K), 1 survivors (1024K)
 Metaspace       used 8407K, capacity 11330K, committed 11648K, reserved 1058816K
  class space    used 1005K, capacity 1319K, committed 1408K, reserved 1048576K
}
Event: 0.401 GC heap before
{Heap before GC invocations=7 (full 0):
 garbage-first heap   total 10240K, used 5553K [0x0000000082600000, 0x0000000100000000)
  region size 1024K, 2 young (2048K), 1 survivors (1024K)
 Metaspace       used 8502K, capacity 11358K, committed 11648K, reserved 1058816K
  class space    used 1017K, capacity 1329K, committed 1408K, reserved 1048576K
}
Event: 0.402 GC heap after
{Heap after GC invocations=8 (full 0):
 garbage-first heap   total 10240K, used 4912K [0x0000000082600000, 0x0000000100000000)
  region size 1024K, 1 young (1024K), 1 survivors (1024K)
 Metaspace       used 8502K, capacity 11358K, committed 11648K, reserved 1058816K
  class space    used 1017K, capacity 1329K, committed 1408K, reserved 1048576K
}
Event: 0.408 GC heap before
{Heap before GC invocations=8 (full 0):
 garbage-first heap   total 10240K, used 5936K [0x0000000082600000, 0x0000000100000000)
  region size 1024K, 2 young (2048K), 1 survivors (1024K)
 Metaspace       used 8557K, capacity 11372K, committed 11648K, reserved 1058816K
  class space    used 1023K, capacity 1334K, committed 1408K, reserved 1048576K
}
Event: 0.410 GC heap after
{Heap after GC invocations=9 (full 0):
 garbage-first heap   total 15360K, used 5049K [0x0000000082600000, 0x0000000100000000)
  region size 1024K, 1 young (1024K), 1 survivors (1024K)
 Metaspace       used 8557K, capacity 11372K, committed 11648K, reserved 1058816K
  class space    used 1023K, capacity 1334K, committed 1408K, reserved 1048576K
}
Event: 0.427 GC heap before
{Heap before GC invocations=10 (full 0):
 garbage-first heap   total 15360K, used 7097K [0x0000000082600000, 0x0000000100000000)
  region size 1024K, 3 young (3072K), 1 survivors (1024K)
 Metaspace       used 8618K, capacity 11372K, committed 11648K, reserved 1058816K
  class space    used 1023K, capacity 1334K, committed 1408K, reserved 1048576K
}
Event: 0.429 GC heap after
{Heap after GC invocations=11 (full 0):
 garbage-first heap   total 15360K, used 5284K [0x0000000082600000, 0x0000000100000000)
  region size 1024K, 1 young (1024K), 1 survivors (1024K)
 Metaspace       used 8618K, capacity 11372K, committed 11648K, reserved 1058816K
  class space    used 1023K, capacity 1334K, committed 1408K, reserved 1048576K
}
Event: 0.439 GC heap before
{Heap before GC invocations=11 (full 0):
 garbage-first heap   total 15360K, used 7332K [0x0000000082600000, 0x0000000100000000)
  region size 1024K, 3 young (3072K), 1 survivors (1024K)
 Metaspace       used 8691K, capacity 11391K, committed 11648K, reserved 1058816K
  class space    used 1029K, capacity 1339K, committed 1408K, reserved 1048576K
}
Event: 0.440 GC heap after
{Heap after GC invocations=12 (full 0):
 garbage-first heap   total 15360K, used 5560K [0x0000000082600000, 0x0000000100000000)
  region size 1024K, 1 young (1024K), 1 survivors (1024K)
 Metaspace       used 8691K, capacity 11391K, committed 11648K, reserved 1058816K
  class space    used 1029K, capacity 1339K, committed 1408K, reserved 1048576K
}
Event: 0.452 GC heap before
{Heap before GC invocations=12 (full 0):
 garbage-first heap   total 15360K, used 8632K [0x0000000082600000, 0x0000000100000000)
  region size 1024K, 4 young (4096K), 1 survivors (1024K)
 Metaspace       used 8708K, capacity 11456K, committed 11648K, reserved 1058816K
  class space    used 1029K, capacity 1339K, committed 1408K, reserved 1048576K
}
Event: 0.454 GC heap after
{Heap after GC invocations=13 (full 0):
 garbage-first heap   total 15360K, used 5917K [0x0000000082600000, 0x0000000100000000)
  region size 1024K, 1 young (1024K), 1 survivors (1024K)
 Metaspace       used 8708K, capacity 11456K, committed 11648K, reserved 1058816K
  class space    used 1029K, capacity 1339K, committed 1408K, reserved 1048576K
}
Event: 0.459 GC heap before
{Heap before GC invocations=13 (full 0):
 garbage-first heap   total 15360K, used 7965K [0x0000000082600000, 0x0000000100000000)
  region size 1024K, 3 young (3072K), 1 survivors (1024K)
 Metaspace       used 8714K, capacity 11456K, committed 11648K, reserved 1058816K
  class space    used 1029K, capacity 1339K, committed 1408K, reserved 1048576K
}
Event: 0.461 GC heap after
{Heap after GC invocations=14 (full 0):
 garbage-first heap   total 23552K, used 6260K [0x0000000082600000, 0x0000000100000000)
  region size 1024K, 1 young (1024K), 1 survivors (1024K)
 Metaspace       used 8714K, capacity 11456K, committed 11648K, reserved 1058816K
  class space    used 1029K, capacity 1339K, committed 1408K, reserved 1048576K
}
Event: 0.498 GC heap before
{Heap before GC invocations=14 (full 0):
 garbage-first heap   total 23552K, used 11380K [0x0000000082600000, 0x0000000100000000)
  region size 1024K, 6 young (6144K), 1 survivors (1024K)
 Metaspace       used 8925K, capacity 11654K, committed 11904K, reserved 1060864K
  class space    used 1051K, capacity 1383K, committed 1408K, reserved 1048576K
}
Event: 0.501 GC heap after
{Heap after GC invocations=15 (full 0):
 garbage-first heap   total 23552K, used 7688K [0x0000000082600000, 0x0000000100000000)
  region size 1024K, 1 young (1024K), 1 survivors (1024K)
 Metaspace       used 8925K, capacity 11654K, committed 11904K, reserved 1060864K
  class space    used 1051K, capacity 1383K, committed 1408K, reserved 1048576K
}
Event: 0.538 GC heap before
{Heap before GC invocations=15 (full 0):
 garbage-first heap   total 23552K, used 12808K [0x0000000082600000, 0x0000000100000000)
  region size 1024K, 6 young (6144K), 1 survivors (1024K)
 Metaspace       used 9321K, capacity 11892K, committed 11904K, reserved 1060864K
  class space    used 1095K, capacity 1397K, committed 1408K, reserved 1048576K
}
Event: 0.541 GC heap after
{Heap after GC invocations=16 (full 0):
 garbage-first heap   total 23552K, used 8711K [0x0000000082600000, 0x0000000100000000)
  region size 1024K, 1 young (1024K), 1 survivors (1024K)
 Metaspace       used 9321K, capacity 11892K, committed 11904K, reserved 1060864K
  class space    used 1095K, capacity 1397K, committed 1408K, reserved 1048576K
}
Event: 0.559 GC heap before
{Heap before GC invocations=16 (full 0):
 garbage-first heap   total 23552K, used 13831K [0x0000000082600000, 0x0000000100000000)
  region size 1024K, 6 young (6144K), 1 survivors (1024K)
 Metaspace       used 9361K, capacity 11957K, committed 12160K, reserved 1060864K
  class space    used 1095K, capacity 1397K, committed 1408K, reserved 1048576K
}
Event: 0.561 GC heap after
{Heap after GC invocations=17 (full 0):
 garbage-first heap   total 23552K, used 9602K [0x0000000082600000, 0x0000000100000000)
  region size 1024K, 1 young (1024K), 1 survivors (1024K)
 Metaspace       used 9361K, capacity 11957K, committed 12160K, reserved 1060864K
  class space    used 1095K, capacity 1397K, committed 1408K, reserved 1048576K
}
Event: 0.583 GC heap before
{Heap before GC invocations=17 (full 0):
 garbage-first heap   total 23552K, used 14722K [0x0000000082600000, 0x0000000100000000)
  region size 1024K, 5 young (5120K), 1 survivors (1024K)
 Metaspace       used 9456K, capacity 12066K, committed 12288K, reserved 1060864K
  class space    used 1103K, capacity 1433K, committed 1536K, reserved 1048576K
}

